2023-02-16 12:33:34:3334 [35mhttp[39m: [35mGET / 304 - - 5.708 ms[39m
[35m[39m
2023-02-16 12:34:17:3417 [35mhttp[39m: [35mGET / 500 1432 - 7.279 ms[39m
[35m[39m
2023-02-16 12:35:11:3511 [35mhttp[39m: [35mGET / 200 12 - 3.102 ms[39m
[35m[39m
2023-02-16 12:36:10:3610 [35mhttp[39m: [35m::1 GET / 304 - - 4.343 ms[39m
[35m[39m
2023-02-16 12:36:18:3618 [35mhttp[39m: [35m::1 GET / 304 - - 1.324 ms[39m
[35m[39m
2023-02-16 12:37:43:3743 [35mhttp[39m: [35m::1 GET /error 404 144 - 4.103 ms[39m
[35m[39m
2023-02-16 12:38:40:3840 [35mhttp[39m: [35m::1 GET /error 404 144 - 6.494 ms[39m
[35m[39m
2023-02-16 12:38:42:3842 [35mhttp[39m: [35m::1 GET / 304 - - 2.933 ms[39m
[35m[39m
2023-02-16 12:38:57:3857 [35mhttp[39m: [35m::1 GET /test 500 1433 - 2.029 ms[39m
[35m[39m
2023-02-16 12:40:30:4030 [35mhttp[39m: [35m::1 GET /test 500 1433 - 3.954 ms[39m
[35m[39m
2023-02-16 12:40:31:4031 [35mhttp[39m: [35m::1 GET /test 500 1433 - 1.393 ms[39m
[35m[39m
2023-02-16 12:40:33:4033 [35mhttp[39m: [35m::1 GET / 304 - - 4.855 ms[39m
[35m[39m
2023-02-16 12:40:47:4047 [35mhttp[39m: [35m::1 GET /test 500 1433 - 0.862 ms[39m
[35m[39m
2023-02-16 12:43:37:4337 [32minfo[39m: [32mServer started on port 3000[39m
2023-02-16 12:49:27:4927 [32minfo[39m: [32mServer started on port 3000[39m
2023-02-16 12:49:40:4940 [31merror[39m: [31merror is not defined[39m
